This file contains any messages produced by compilers while
running configure, to aid debugging if configure makes a mistake.

It was created by next configure 1.0, which was
generated by GNU Autoconf 2.68.  Invocation command line was

  $ ./configure 

## --------- ##
## Platform. ##
## --------- ##

hostname = ubuntu
uname -m = x86_64
uname -r = 3.5.0-36-generic
uname -s = Linux
uname -v = #57~precise1-Ubuntu SMP Thu Jun 20 18:21:09 UTC 2013

/usr/bin/uname -p = unknown
/bin/uname -X     = unknown

/bin/arch              = unknown
/usr/bin/arch -k       = unknown
/usr/convex/getsysinfo = unknown
/usr/bin/hostinfo      = unknown
/bin/machine           = unknown
/usr/bin/oslevel       = unknown
/bin/universe          = unknown

PATH: /home/christina/bin
PATH: /usr/lib/lightdm/lightdm
PATH: /usr/local/sbin
PATH: /usr/local/bin
PATH: /usr/sbin
PATH: /usr/bin
PATH: /sbin
PATH: /bin
PATH: /usr/games


## ----------- ##
## Core tests. ##
## ----------- ##

configure:2285: checking for a BSD-compatible install
configure:2353: result: /usr/bin/install -c
configure:2364: checking whether build environment is sane
configure:2414: result: yes
configure:2555: checking for a thread-safe mkdir -p
configure:2594: result: /bin/mkdir -p
configure:2607: checking for gawk
configure:2637: result: no
configure:2607: checking for mawk
configure:2623: found /usr/bin/mawk
configure:2634: result: mawk
configure:2645: checking whether make sets $(MAKE)
configure:2667: result: yes
configure:2786: checking build system type
configure:2800: result: x86_64-unknown-linux-gnu
configure:2820: checking host system type
configure:2833: result: x86_64-unknown-linux-gnu
configure:2874: checking how to print strings
configure:2901: result: printf
configure:2934: checking for style of include used by make
configure:2962: result: GNU
configure:3033: checking for gcc
configure:3049: found /usr/bin/gcc
configure:3060: result: gcc
configure:3289: checking for C compiler version
configure:3298: gcc --version >&5
gcc (Ubuntu 4.8.1-2ubuntu1~12.04) 4.8.1
Copyright (C) 2013 Free Software Foundation, Inc.
This is free software; see the source for copying conditions.  There is NO
warranty; not even for MERCHANTABILITY or FITNESS FOR A PARTICULAR PURPOSE.

configure:3309: $? = 0
configure:3298: gcc -v >&5
Using built-in specs.
COLLECT_GCC=gcc
COLLECT_LTO_WRAPPER=/usr/lib/gcc/x86_64-linux-gnu/4.8/lto-wrapper
Target: x86_64-linux-gnu
Configured with: ../src/configure -v --with-pkgversion='Ubuntu 4.8.1-2ubuntu1~12.04' --with-bugurl=file:///usr/share/doc/gcc-4.8/README.Bugs --enable-languages=c,c++,java,go,d,fortran,objc,obj-c++ --prefix=/usr --program-suffix=-4.8 --enable-shared --enable-linker-build-id --libexecdir=/usr/lib --without-included-gettext --enable-threads=posix --with-gxx-include-dir=/usr/include/c++/4.8 --libdir=/usr/lib --enable-nls --with-sysroot=/ --enable-clocale=gnu --enable-libstdcxx-debug --enable-libstdcxx-time=yes --enable-gnu-unique-object --enable-plugin --with-system-zlib --disable-browser-plugin --enable-java-awt=gtk --enable-gtk-cairo --with-java-home=/usr/lib/jvm/java-1.5.0-gcj-4.8-amd64/jre --enable-java-home --with-jvm-root-dir=/usr/lib/jvm/java-1.5.0-gcj-4.8-amd64 --with-jvm-jar-dir=/usr/lib/jvm-exports/java-1.5.0-gcj-4.8-amd64 --with-arch-directory=amd64 --with-ecj-jar=/usr/share/java/eclipse-ecj.jar --enable-objc-gc --enable-multiarch --disable-werror --with-arch-32=i686 --with-abi=m64 --with-multilib-list=m32,m64 --with-tune=generic --enable-checking=release --build=x86_64-linux-gnu --host=x86_64-linux-gnu --target=x86_64-linux-gnu
Thread model: posix
gcc version 4.8.1 (Ubuntu 4.8.1-2ubuntu1~12.04) 
configure:3309: $? = 0
configure:3298: gcc -V >&5
gcc: error: unrecognized command line option '-V'
gcc: fatal error: no input files
compilation terminated.
configure:3309: $? = 4
configure:3298: gcc -qversion >&5
gcc: error: unrecognized command line option '-qversion'
gcc: fatal error: no input files
compilation terminated.
configure:3309: $? = 4
configure:3329: checking whether the C compiler works
configure:3351: gcc    conftest.c  >&5
configure:3355: $? = 0
configure:3403: result: yes
configure:3406: checking for C compiler default output file name
configure:3408: result: a.out
configure:3414: checking for suffix of executables
configure:3421: gcc -o conftest    conftest.c  >&5
configure:3425: $? = 0
configure:3447: result: 
configure:3469: checking whether we are cross compiling
configure:3477: gcc -o conftest    conftest.c  >&5
configure:3481: $? = 0
configure:3488: ./conftest
configure:3492: $? = 0
configure:3507: result: no
configure:3512: checking for suffix of object files
configure:3534: gcc -c   conftest.c >&5
configure:3538: $? = 0
configure:3559: result: o
configure:3563: checking whether we are using the GNU C compiler
configure:3582: gcc -c   conftest.c >&5
configure:3582: $? = 0
configure:3591: result: yes
configure:3600: checking whether gcc accepts -g
configure:3620: gcc -c -g  conftest.c >&5
configure:3620: $? = 0
configure:3661: result: yes
configure:3678: checking for gcc option to accept ISO C89
configure:3742: gcc  -c -g -O2  conftest.c >&5
configure:3742: $? = 0
configure:3755: result: none needed
configure:3777: checking dependency style of gcc
configure:3888: result: gcc3
configure:3903: checking for a sed that does not truncate output
configure:3967: result: /bin/sed
configure:3985: checking for grep that handles long lines and -e
configure:4043: result: /bin/grep
configure:4048: checking for egrep
configure:4110: result: /bin/grep -E
configure:4115: checking for fgrep
configure:4177: result: /bin/grep -F
configure:4212: checking for ld used by gcc
configure:4279: result: /usr/bin/ld
configure:4286: checking if the linker (/usr/bin/ld) is GNU ld
configure:4301: result: yes
configure:4313: checking for BSD- or MS-compatible name lister (nm)
configure:4362: result: /usr/bin/nm -B
configure:4492: checking the name lister (/usr/bin/nm -B) interface
configure:4499: gcc -c -g -O2  conftest.c >&5
configure:4502: /usr/bin/nm -B "conftest.o"
configure:4505: output
0000000000000000 B some_variable
configure:4512: result: BSD nm
configure:4515: checking whether ln -s works
configure:4519: result: yes
configure:4527: checking the maximum length of command line arguments
configure:4657: result: 1572864
configure:4674: checking whether the shell understands some XSI constructs
configure:4684: result: yes
configure:4688: checking whether the shell understands "+="
configure:4694: result: yes
configure:4729: checking how to convert x86_64-unknown-linux-gnu file names to x86_64-unknown-linux-gnu format
configure:4769: result: func_convert_file_noop
configure:4776: checking how to convert x86_64-unknown-linux-gnu file names to toolchain format
configure:4796: result: func_convert_file_noop
configure:4803: checking for /usr/bin/ld option to reload object files
configure:4810: result: -r
configure:4884: checking for objdump
configure:4900: found /usr/bin/objdump
configure:4911: result: objdump
configure:4943: checking how to recognize dependent libraries
configure:5145: result: pass_all
configure:5230: checking for dlltool
configure:5260: result: no
configure:5290: checking how to associate runtime and link libraries
configure:5317: result: printf %s\n
configure:5378: checking for ar
configure:5394: found /usr/bin/ar
configure:5405: result: ar
configure:5442: checking for archiver @FILE support
configure:5459: gcc -c -g -O2  conftest.c >&5
configure:5459: $? = 0
configure:5462: ar cru libconftest.a @conftest.lst >&5
configure:5465: $? = 0
configure:5470: ar cru libconftest.a @conftest.lst >&5
ar: conftest.o: No such file or directory
configure:5473: $? = 1
configure:5485: result: @
configure:5543: checking for strip
configure:5559: found /usr/bin/strip
configure:5570: result: strip
configure:5642: checking for ranlib
configure:5658: found /usr/bin/ranlib
configure:5669: result: ranlib
configure:5771: checking command to parse /usr/bin/nm -B output from gcc object
configure:5891: gcc -c -g -O2  conftest.c >&5
configure:5894: $? = 0
configure:5898: /usr/bin/nm -B conftest.o \| sed -n -e 's/^.*[ ]\([ABCDGIRSTW][ABCDGIRSTW]*\)[ ][ ]*\([_A-Za-z][_A-Za-z0-9]*\)$/\1 \2 \2/p' | sed '/ __gnu_lto/d' \> conftest.nm
configure:5901: $? = 0
configure:5967: gcc -o conftest -g -O2   conftest.c conftstm.o >&5
configure:5970: $? = 0
configure:6008: result: ok
configure:6045: checking for sysroot
configure:6075: result: no
configure:6152: gcc -c -g -O2  conftest.c >&5
configure:6155: $? = 0
configure:6331: checking for mt
configure:6347: found /bin/mt
configure:6358: result: mt
configure:6381: checking if mt is a manifest tool
configure:6387: mt '-?'
configure:6395: result: no
configure:7037: checking how to run the C preprocessor
configure:7068: gcc -E  conftest.c
configure:7068: $? = 0
configure:7082: gcc -E  conftest.c
conftest.c:12:28: fatal error: ac_nonexistent.h: No such file or directory
 #include <ac_nonexistent.h>
                            ^
compilation terminated.
configure:7082: $? = 1
configure: failed program was:
| /* confdefs.h */
| #define PACKAGE_NAME "next"
| #define PACKAGE_TARNAME "next"
| #define PACKAGE_VERSION "1.0"
| #define PACKAGE_STRING "next 1.0"
| #define PACKAGE_BUGREPORT "de-li.zhang@knights.ucf.edu"
| #define PACKAGE_URL ""
| #define PACKAGE "next"
| #define VERSION "1.0"
| #define ENABLE_STATIC_ASSERT /**/
| /* end confdefs.h.  */
| #include <ac_nonexistent.h>
configure:7107: result: gcc -E
configure:7127: gcc -E  conftest.c
configure:7127: $? = 0
configure:7141: gcc -E  conftest.c
conftest.c:12:28: fatal error: ac_nonexistent.h: No such file or directory
 #include <ac_nonexistent.h>
                            ^
compilation terminated.
configure:7141: $? = 1
configure: failed program was:
| /* confdefs.h */
| #define PACKAGE_NAME "next"
| #define PACKAGE_TARNAME "next"
| #define PACKAGE_VERSION "1.0"
| #define PACKAGE_STRING "next 1.0"
| #define PACKAGE_BUGREPORT "de-li.zhang@knights.ucf.edu"
| #define PACKAGE_URL ""
| #define PACKAGE "next"
| #define VERSION "1.0"
| #define ENABLE_STATIC_ASSERT /**/
| /* end confdefs.h.  */
| #include <ac_nonexistent.h>
configure:7170: checking for ANSI C header files
configure:7190: gcc -c -g -O2  conftest.c >&5
configure:7190: $? = 0
configure:7263: gcc -o conftest -g -O2   conftest.c  >&5
configure:7263: $? = 0
configure:7263: ./conftest
configure:7263: $? = 0
configure:7274: result: yes
configure:7287: checking for sys/types.h
configure:7287: gcc -c -g -O2  conftest.c >&5
configure:7287: $? = 0
configure:7287: result: yes
configure:7287: checking for sys/stat.h
configure:7287: gcc -c -g -O2  conftest.c >&5
configure:7287: $? = 0
configure:7287: result: yes
configure:7287: checking for stdlib.h
configure:7287: gcc -c -g -O2  conftest.c >&5
configure:7287: $? = 0
configure:7287: result: yes
configure:7287: checking for string.h
configure:7287: gcc -c -g -O2  conftest.c >&5
configure:7287: $? = 0
configure:7287: result: yes
configure:7287: checking for memory.h
configure:7287: gcc -c -g -O2  conftest.c >&5
configure:7287: $? = 0
configure:7287: result: yes
configure:7287: checking for strings.h
configure:7287: gcc -c -g -O2  conftest.c >&5
configure:7287: $? = 0
configure:7287: result: yes
configure:7287: checking for inttypes.h
configure:7287: gcc -c -g -O2  conftest.c >&5
configure:7287: $? = 0
configure:7287: result: yes
configure:7287: checking for stdint.h
configure:7287: gcc -c -g -O2  conftest.c >&5
configure:7287: $? = 0
configure:7287: result: yes
configure:7287: checking for unistd.h
configure:7287: gcc -c -g -O2  conftest.c >&5
configure:7287: $? = 0
configure:7287: result: yes
configure:7301: checking for dlfcn.h
configure:7301: gcc -c -g -O2  conftest.c >&5
configure:7301: $? = 0
configure:7301: result: yes
configure:7507: checking for objdir
configure:7522: result: .libs
configure:7793: checking if gcc supports -fno-rtti -fno-exceptions
configure:7811: gcc -c -g -O2  -fno-rtti -fno-exceptions conftest.c >&5
cc1: warning: command line option '-fno-rtti' is valid for C++/ObjC++ but not for C [enabled by default]
configure:7815: $? = 0
configure:7828: result: no
configure:8155: checking for gcc option to produce PIC
configure:8162: result: -fPIC -DPIC
configure:8170: checking if gcc PIC flag -fPIC -DPIC works
configure:8188: gcc -c -g -O2  -fPIC -DPIC -DPIC conftest.c >&5
configure:8192: $? = 0
configure:8205: result: yes
configure:8234: checking if gcc static flag -static works
configure:8262: result: yes
configure:8277: checking if gcc supports -c -o file.o
configure:8298: gcc -c -g -O2  -o out/conftest2.o conftest.c >&5
configure:8302: $? = 0
configure:8324: result: yes
configure:8332: checking if gcc supports -c -o file.o
configure:8379: result: yes
configure:8412: checking whether the gcc linker (/usr/bin/ld -m elf_x86_64) supports shared libraries
configure:9569: result: yes
configure:9606: checking whether -lc should be explicitly linked in
configure:9614: gcc -c -g -O2  conftest.c >&5
configure:9617: $? = 0
configure:9632: gcc -shared  -fPIC -DPIC conftest.o  -v -Wl,-soname -Wl,conftest -o conftest 2\>\&1 \| /bin/grep  -lc  \>/dev/null 2\>\&1
configure:9635: $? = 0
configure:9649: result: no
configure:9809: checking dynamic linker characteristics
configure:10320: gcc -o conftest -g -O2   -Wl,-rpath -Wl,/foo conftest.c  >&5
configure:10320: $? = 0
configure:10554: result: GNU/Linux ld.so
configure:10661: checking how to hardcode library paths into programs
configure:10686: result: immediate
configure:11226: checking whether stripping libraries is possible
configure:11231: result: yes
configure:11266: checking if libtool supports shared libraries
configure:11268: result: yes
configure:11271: checking whether to build shared libraries
configure:11292: result: yes
configure:11295: checking whether to build static libraries
configure:11299: result: yes
configure:11398: checking for g++
configure:11414: found /usr/bin/g++
configure:11425: result: g++
configure:11452: checking for C++ compiler version
configure:11461: g++ --version >&5
g++ (Ubuntu 4.8.1-2ubuntu1~12.04) 4.8.1
Copyright (C) 2013 Free Software Foundation, Inc.
This is free software; see the source for copying conditions.  There is NO
warranty; not even for MERCHANTABILITY or FITNESS FOR A PARTICULAR PURPOSE.

configure:11472: $? = 0
configure:11461: g++ -v >&5
Using built-in specs.
COLLECT_GCC=g++
COLLECT_LTO_WRAPPER=/usr/lib/gcc/x86_64-linux-gnu/4.8/lto-wrapper
Target: x86_64-linux-gnu
Configured with: ../src/configure -v --with-pkgversion='Ubuntu 4.8.1-2ubuntu1~12.04' --with-bugurl=file:///usr/share/doc/gcc-4.8/README.Bugs --enable-languages=c,c++,java,go,d,fortran,objc,obj-c++ --prefix=/usr --program-suffix=-4.8 --enable-shared --enable-linker-build-id --libexecdir=/usr/lib --without-included-gettext --enable-threads=posix --with-gxx-include-dir=/usr/include/c++/4.8 --libdir=/usr/lib --enable-nls --with-sysroot=/ --enable-clocale=gnu --enable-libstdcxx-debug --enable-libstdcxx-time=yes --enable-gnu-unique-object --enable-plugin --with-system-zlib --disable-browser-plugin --enable-java-awt=gtk --enable-gtk-cairo --with-java-home=/usr/lib/jvm/java-1.5.0-gcj-4.8-amd64/jre --enable-java-home --with-jvm-root-dir=/usr/lib/jvm/java-1.5.0-gcj-4.8-amd64 --with-jvm-jar-dir=/usr/lib/jvm-exports/java-1.5.0-gcj-4.8-amd64 --with-arch-directory=amd64 --with-ecj-jar=/usr/share/java/eclipse-ecj.jar --enable-objc-gc --enable-multiarch --disable-werror --with-arch-32=i686 --with-abi=m64 --with-multilib-list=m32,m64 --with-tune=generic --enable-checking=release --build=x86_64-linux-gnu --host=x86_64-linux-gnu --target=x86_64-linux-gnu
Thread model: posix
gcc version 4.8.1 (Ubuntu 4.8.1-2ubuntu1~12.04) 
configure:11472: $? = 0
configure:11461: g++ -V >&5
g++: error: unrecognized command line option '-V'
g++: fatal error: no input files
compilation terminated.
configure:11472: $? = 4
configure:11461: g++ -qversion >&5
g++: error: unrecognized command line option '-qversion'
g++: fatal error: no input files
compilation terminated.
configure:11472: $? = 4
configure:11476: checking whether we are using the GNU C++ compiler
configure:11495: g++ -c -O3  conftest.cpp >&5
configure:11495: $? = 0
configure:11504: result: yes
configure:11513: checking whether g++ accepts -g
configure:11533: g++ -c -g  conftest.cpp >&5
configure:11533: $? = 0
configure:11574: result: yes
configure:11599: checking dependency style of g++
configure:11710: result: gcc3
configure:11743: checking how to run the C++ preprocessor
configure:11770: g++ -E  conftest.cpp
configure:11770: $? = 0
configure:11784: g++ -E  conftest.cpp
conftest.cpp:24:28: fatal error: ac_nonexistent.h: No such file or directory
 #include <ac_nonexistent.h>
                            ^
compilation terminated.
configure:11784: $? = 1
configure: failed program was:
| /* confdefs.h */
| #define PACKAGE_NAME "next"
| #define PACKAGE_TARNAME "next"
| #define PACKAGE_VERSION "1.0"
| #define PACKAGE_STRING "next 1.0"
| #define PACKAGE_BUGREPORT "de-li.zhang@knights.ucf.edu"
| #define PACKAGE_URL ""
| #define PACKAGE "next"
| #define VERSION "1.0"
| #define ENABLE_STATIC_ASSERT /**/
| #define STDC_HEADERS 1
| #define HAVE_SYS_TYPES_H 1
| #define HAVE_SYS_STAT_H 1
| #define HAVE_STDLIB_H 1
| #define HAVE_STRING_H 1
| #define HAVE_MEMORY_H 1
| #define HAVE_STRINGS_H 1
| #define HAVE_INTTYPES_H 1
| #define HAVE_STDINT_H 1
| #define HAVE_UNISTD_H 1
| #define HAVE_DLFCN_H 1
| #define LT_OBJDIR ".libs/"
| /* end confdefs.h.  */
| #include <ac_nonexistent.h>
configure:11809: result: g++ -E
configure:11829: g++ -E  conftest.cpp
configure:11829: $? = 0
configure:11843: g++ -E  conftest.cpp
conftest.cpp:24:28: fatal error: ac_nonexistent.h: No such file or directory
 #include <ac_nonexistent.h>
                            ^
compilation terminated.
configure:11843: $? = 1
configure: failed program was:
| /* confdefs.h */
| #define PACKAGE_NAME "next"
| #define PACKAGE_TARNAME "next"
| #define PACKAGE_VERSION "1.0"
| #define PACKAGE_STRING "next 1.0"
| #define PACKAGE_BUGREPORT "de-li.zhang@knights.ucf.edu"
| #define PACKAGE_URL ""
| #define PACKAGE "next"
| #define VERSION "1.0"
| #define ENABLE_STATIC_ASSERT /**/
| #define STDC_HEADERS 1
| #define HAVE_SYS_TYPES_H 1
| #define HAVE_SYS_STAT_H 1
| #define HAVE_STDLIB_H 1
| #define HAVE_STRING_H 1
| #define HAVE_MEMORY_H 1
| #define HAVE_STRINGS_H 1
| #define HAVE_INTTYPES_H 1
| #define HAVE_STDINT_H 1
| #define HAVE_UNISTD_H 1
| #define HAVE_DLFCN_H 1
| #define LT_OBJDIR ".libs/"
| /* end confdefs.h.  */
| #include <ac_nonexistent.h>
configure:12012: checking for ld used by g++
configure:12079: result: /usr/bin/ld -m elf_x86_64
configure:12086: checking if the linker (/usr/bin/ld -m elf_x86_64) is GNU ld
configure:12101: result: yes
configure:12156: checking whether the g++ linker (/usr/bin/ld -m elf_x86_64) supports shared libraries
configure:13161: result: yes
configure:13197: g++ -c -O3  conftest.cpp >&5
configure:13200: $? = 0
configure:13720: checking for g++ option to produce PIC
configure:13727: result: -fPIC -DPIC
configure:13735: checking if g++ PIC flag -fPIC -DPIC works
configure:13753: g++ -c -O3  -fPIC -DPIC -DPIC conftest.cpp >&5
configure:13757: $? = 0
configure:13770: result: yes
configure:13793: checking if g++ static flag -static works
configure:13821: result: yes
configure:13833: checking if g++ supports -c -o file.o
configure:13854: g++ -c -O3  -o out/conftest2.o conftest.cpp >&5
configure:13858: $? = 0
configure:13880: result: yes
configure:13885: checking if g++ supports -c -o file.o
configure:13932: result: yes
configure:13962: checking whether the g++ linker (/usr/bin/ld -m elf_x86_64) supports shared libraries
configure:14001: result: yes
configure:14142: checking dynamic linker characteristics
configure:14821: result: GNU/Linux ld.so
configure:14874: checking how to hardcode library paths into programs
configure:14899: result: immediate
configure:14987: checking for gcc
configure:15014: result: gcc
configure:15243: checking for C compiler version
configure:15252: gcc --version >&5
gcc (Ubuntu 4.8.1-2ubuntu1~12.04) 4.8.1
Copyright (C) 2013 Free Software Foundation, Inc.
This is free software; see the source for copying conditions.  There is NO
warranty; not even for MERCHANTABILITY or FITNESS FOR A PARTICULAR PURPOSE.

configure:15263: $? = 0
configure:15252: gcc -v >&5
Using built-in specs.
COLLECT_GCC=gcc
COLLECT_LTO_WRAPPER=/usr/lib/gcc/x86_64-linux-gnu/4.8/lto-wrapper
Target: x86_64-linux-gnu
Configured with: ../src/configure -v --with-pkgversion='Ubuntu 4.8.1-2ubuntu1~12.04' --with-bugurl=file:///usr/share/doc/gcc-4.8/README.Bugs --enable-languages=c,c++,java,go,d,fortran,objc,obj-c++ --prefix=/usr --program-suffix=-4.8 --enable-shared --enable-linker-build-id --libexecdir=/usr/lib --without-included-gettext --enable-threads=posix --with-gxx-include-dir=/usr/include/c++/4.8 --libdir=/usr/lib --enable-nls --with-sysroot=/ --enable-clocale=gnu --enable-libstdcxx-debug --enable-libstdcxx-time=yes --enable-gnu-unique-object --enable-plugin --with-system-zlib --disable-browser-plugin --enable-java-awt=gtk --enable-gtk-cairo --with-java-home=/usr/lib/jvm/java-1.5.0-gcj-4.8-amd64/jre --enable-java-home --with-jvm-root-dir=/usr/lib/jvm/java-1.5.0-gcj-4.8-amd64 --with-jvm-jar-dir=/usr/lib/jvm-exports/java-1.5.0-gcj-4.8-amd64 --with-arch-directory=amd64 --with-ecj-jar=/usr/share/java/eclipse-ecj.jar --enable-objc-gc --enable-multiarch --disable-werror --with-arch-32=i686 --with-abi=m64 --with-multilib-list=m32,m64 --with-tune=generic --enable-checking=release --build=x86_64-linux-gnu --host=x86_64-linux-gnu --target=x86_64-linux-gnu
Thread model: posix
gcc version 4.8.1 (Ubuntu 4.8.1-2ubuntu1~12.04) 
configure:15263: $? = 0
configure:15252: gcc -V >&5
gcc: error: unrecognized command line option '-V'
gcc: fatal error: no input files
compilation terminated.
configure:15263: $? = 4
configure:15252: gcc -qversion >&5
gcc: error: unrecognized command line option '-qversion'
gcc: fatal error: no input files
compilation terminated.
configure:15263: $? = 4
configure:15267: checking whether we are using the GNU C compiler
configure:15295: result: yes
configure:15304: checking whether gcc accepts -g
configure:15365: result: yes
configure:15382: checking for gcc option to accept ISO C89
configure:15459: result: none needed
configure:15481: checking dependency style of gcc
configure:15592: result: gcc3
configure:15612: checking how to run the C preprocessor
configure:15682: result: gcc -E
configure:15702: gcc -E  conftest.c
configure:15702: $? = 0
configure:15716: gcc -E  conftest.c
conftest.c:24:28: fatal error: ac_nonexistent.h: No such file or directory
 #include <ac_nonexistent.h>
                            ^
compilation terminated.
configure:15716: $? = 1
configure: failed program was:
| /* confdefs.h */
| #define PACKAGE_NAME "next"
| #define PACKAGE_TARNAME "next"
| #define PACKAGE_VERSION "1.0"
| #define PACKAGE_STRING "next 1.0"
| #define PACKAGE_BUGREPORT "de-li.zhang@knights.ucf.edu"
| #define PACKAGE_URL ""
| #define PACKAGE "next"
| #define VERSION "1.0"
| #define ENABLE_STATIC_ASSERT /**/
| #define STDC_HEADERS 1
| #define HAVE_SYS_TYPES_H 1
| #define HAVE_SYS_STAT_H 1
| #define HAVE_STDLIB_H 1
| #define HAVE_STRING_H 1
| #define HAVE_MEMORY_H 1
| #define HAVE_STRINGS_H 1
| #define HAVE_INTTYPES_H 1
| #define HAVE_STDINT_H 1
| #define HAVE_UNISTD_H 1
| #define HAVE_DLFCN_H 1
| #define LT_OBJDIR ".libs/"
| /* end confdefs.h.  */
| #include <ac_nonexistent.h>
configure:15746: checking whether ln -s works
configure:15750: result: yes
configure:15757: checking whether make sets $(MAKE)
configure:15779: result: yes
configure:15790: checking for pthread_create in -lpthread
configure:15815: gcc -o conftest -g -O2   conftest.c -lpthread   >&5
configure:15815: $? = 0
configure:15824: result: yes
configure:15892: checking for boostlib >= 1.37
configure:15946: g++ -c -O3  -I/usr/include conftest.cpp >&5
configure:15946: $? = 0
configure:15948: result: yes
configure:16090: checking for main in -ltbb
configure:16109: gcc -o conftest -g -O2   conftest.c -ltbb  -lpthread  >&5
/usr/bin/ld: cannot find -ltbb
collect2: error: ld returned 1 exit status
configure:16109: $? = 1
configure: failed program was:
| /* confdefs.h */
| #define PACKAGE_NAME "next"
| #define PACKAGE_TARNAME "next"
| #define PACKAGE_VERSION "1.0"
| #define PACKAGE_STRING "next 1.0"
| #define PACKAGE_BUGREPORT "de-li.zhang@knights.ucf.edu"
| #define PACKAGE_URL ""
| #define PACKAGE "next"
| #define VERSION "1.0"
| #define ENABLE_STATIC_ASSERT /**/
| #define STDC_HEADERS 1
| #define HAVE_SYS_TYPES_H 1
| #define HAVE_SYS_STAT_H 1
| #define HAVE_STDLIB_H 1
| #define HAVE_STRING_H 1
| #define HAVE_MEMORY_H 1
| #define HAVE_STRINGS_H 1
| #define HAVE_INTTYPES_H 1
| #define HAVE_STDINT_H 1
| #define HAVE_UNISTD_H 1
| #define HAVE_DLFCN_H 1
| #define LT_OBJDIR ".libs/"
| #define HAVE_LIBPTHREAD 1
| #define HAVE_BOOST /**/
| /* end confdefs.h.  */
| 
| 
| int
| main ()
| {
| return main ();
|   ;
|   return 0;
| }
configure:16118: result: no
configure:16128: error: in `/home/christina/Documents/ResearchProjects/lcdctools/model-checker/experiments/priority-queue/priorityqueue_original':
configure:16130: error: 
    ------------------------------------------
    Intel TBB is required, stoping...
    ------------------------------------------
See `config.log' for more details

## ---------------- ##
## Cache variables. ##
## ---------------- ##

ac_cv_build=x86_64-unknown-linux-gnu
ac_cv_c_compiler_gnu=yes
ac_cv_cxx_compiler_gnu=yes
ac_cv_env_CCC_set=
ac_cv_env_CCC_value=
ac_cv_env_CC_set=
ac_cv_env_CC_value=
ac_cv_env_CFLAGS_set=
ac_cv_env_CFLAGS_value=
ac_cv_env_CPPFLAGS_set=
ac_cv_env_CPPFLAGS_value=
ac_cv_env_CPP_set=
ac_cv_env_CPP_value=
ac_cv_env_CXXCPP_set=
ac_cv_env_CXXCPP_value=
ac_cv_env_CXXFLAGS_set=
ac_cv_env_CXXFLAGS_value=
ac_cv_env_CXX_set=
ac_cv_env_CXX_value=
ac_cv_env_LDFLAGS_set=
ac_cv_env_LDFLAGS_value=
ac_cv_env_LIBS_set=
ac_cv_env_LIBS_value=
ac_cv_env_build_alias_set=
ac_cv_env_build_alias_value=
ac_cv_env_host_alias_set=
ac_cv_env_host_alias_value=
ac_cv_env_target_alias_set=
ac_cv_env_target_alias_value=
ac_cv_header_dlfcn_h=yes
ac_cv_header_inttypes_h=yes
ac_cv_header_memory_h=yes
ac_cv_header_stdc=yes
ac_cv_header_stdint_h=yes
ac_cv_header_stdlib_h=yes
ac_cv_header_string_h=yes
ac_cv_header_strings_h=yes
ac_cv_header_sys_stat_h=yes
ac_cv_header_sys_types_h=yes
ac_cv_header_unistd_h=yes
ac_cv_host=x86_64-unknown-linux-gnu
ac_cv_lib_pthread_pthread_create=yes
ac_cv_lib_tbb_main=no
ac_cv_objext=o
ac_cv_path_EGREP='/bin/grep -E'
ac_cv_path_FGREP='/bin/grep -F'
ac_cv_path_GREP=/bin/grep
ac_cv_path_SED=/bin/sed
ac_cv_path_install='/usr/bin/install -c'
ac_cv_path_mkdir=/bin/mkdir
ac_cv_prog_AWK=mawk
ac_cv_prog_CPP='gcc -E'
ac_cv_prog_CXXCPP='g++ -E'
ac_cv_prog_ac_ct_AR=ar
ac_cv_prog_ac_ct_CC=gcc
ac_cv_prog_ac_ct_CXX=g++
ac_cv_prog_ac_ct_MANIFEST_TOOL=mt
ac_cv_prog_ac_ct_OBJDUMP=objdump
ac_cv_prog_ac_ct_RANLIB=ranlib
ac_cv_prog_ac_ct_STRIP=strip
ac_cv_prog_cc_c89=
ac_cv_prog_cc_g=yes
ac_cv_prog_cxx_g=yes
ac_cv_prog_make_make_set=yes
am_cv_CC_dependencies_compiler_type=gcc3
am_cv_CXX_dependencies_compiler_type=gcc3
lt_cv_ar_at_file=@
lt_cv_archive_cmds_need_lc=no
lt_cv_deplibs_check_method=pass_all
lt_cv_file_magic_cmd='$MAGIC_CMD'
lt_cv_file_magic_test_file=
lt_cv_ld_reload_flag=-r
lt_cv_nm_interface='BSD nm'
lt_cv_objdir=.libs
lt_cv_path_LD=/usr/bin/ld
lt_cv_path_LDCXX='/usr/bin/ld -m elf_x86_64'
lt_cv_path_NM='/usr/bin/nm -B'
lt_cv_path_mainfest_tool=no
lt_cv_prog_compiler_c_o=yes
lt_cv_prog_compiler_c_o_CXX=yes
lt_cv_prog_compiler_pic='-fPIC -DPIC'
lt_cv_prog_compiler_pic_CXX='-fPIC -DPIC'
lt_cv_prog_compiler_pic_works=yes
lt_cv_prog_compiler_pic_works_CXX=yes
lt_cv_prog_compiler_rtti_exceptions=no
lt_cv_prog_compiler_static_works=yes
lt_cv_prog_compiler_static_works_CXX=yes
lt_cv_prog_gnu_ld=yes
lt_cv_prog_gnu_ldcxx=yes
lt_cv_sharedlib_from_linklib_cmd='printf %s\n'
lt_cv_shlibpath_overrides_runpath=no
lt_cv_sys_global_symbol_pipe='sed -n -e '\''s/^.*[	 ]\([ABCDGIRSTW][ABCDGIRSTW]*\)[	 ][	 ]*\([_A-Za-z][_A-Za-z0-9]*\)$/\1 \2 \2/p'\'' | sed '\''/ __gnu_lto/d'\'''
lt_cv_sys_global_symbol_to_c_name_address='sed -n -e '\''s/^: \([^ ]*\)[ ]*$/  {\"\1\", (void *) 0},/p'\'' -e '\''s/^[ABCDGIRSTW]* \([^ ]*\) \([^ ]*\)$/  {"\2", (void *) \&\2},/p'\'''
lt_cv_sys_global_symbol_to_c_name_address_lib_prefix='sed -n -e '\''s/^: \([^ ]*\)[ ]*$/  {\"\1\", (void *) 0},/p'\'' -e '\''s/^[ABCDGIRSTW]* \([^ ]*\) \(lib[^ ]*\)$/  {"\2", (void *) \&\2},/p'\'' -e '\''s/^[ABCDGIRSTW]* \([^ ]*\) \([^ ]*\)$/  {"lib\2", (void *) \&\2},/p'\'''
lt_cv_sys_global_symbol_to_cdecl='sed -n -e '\''s/^T .* \(.*\)$/extern int \1();/p'\'' -e '\''s/^[ABCDGIRSTW]* .* \(.*\)$/extern char \1;/p'\'''
lt_cv_sys_max_cmd_len=1572864
lt_cv_to_host_file_cmd=func_convert_file_noop
lt_cv_to_tool_file_cmd=func_convert_file_noop

## ----------------- ##
## Output variables. ##
## ----------------- ##

ACLOCAL='${SHELL} /home/christina/Documents/ResearchProjects/lcdctools/model-checker/experiments/priority-queue/priorityqueue_original/bin/missing --run aclocal-1.11'
AMDEPBACKSLASH='\'
AMDEP_FALSE='#'
AMDEP_TRUE=''
AMTAR='$${TAR-tar}'
AR='ar'
AUTOCONF='${SHELL} /home/christina/Documents/ResearchProjects/lcdctools/model-checker/experiments/priority-queue/priorityqueue_original/bin/missing --run autoconf'
AUTOHEADER='${SHELL} /home/christina/Documents/ResearchProjects/lcdctools/model-checker/experiments/priority-queue/priorityqueue_original/bin/missing --run autoheader'
AUTOMAKE='${SHELL} /home/christina/Documents/ResearchProjects/lcdctools/model-checker/experiments/priority-queue/priorityqueue_original/bin/missing --run automake-1.11'
AWK='mawk'
BOOST_CPPFLAGS='-I/usr/include'
BOOST_LDFLAGS='-L/usr/lib'
CC='gcc'
CCDEPMODE='depmode=gcc3'
CFLAGS='-g -O2'
CPP='gcc -E'
CPPFLAGS=''
CXX='g++'
CXXCPP='g++ -E'
CXXDEPMODE='depmode=gcc3'
CXXFLAGS='-O3'
CYGPATH_W='echo'
DEFS=''
DEPDIR='.deps'
DLLTOOL='false'
DSYMUTIL=''
DUMPBIN=''
ECHO_C=''
ECHO_N='-n'
ECHO_T=''
EGREP='/bin/grep -E'
EXEEXT=''
FGREP='/bin/grep -F'
GREP='/bin/grep'
INSTALL_DATA='${INSTALL} -m 644'
INSTALL_PROGRAM='${INSTALL}'
INSTALL_SCRIPT='${INSTALL}'
INSTALL_STRIP_PROGRAM='$(install_sh) -c -s'
LD='/usr/bin/ld -m elf_x86_64'
LDFLAGS=''
LIBOBJS=''
LIBS='-lpthread '
LIBTOOL='$(SHELL) $(top_builddir)/libtool'
LIPO=''
LN_S='ln -s'
LTLIBOBJS=''
MAKEINFO='${SHELL} /home/christina/Documents/ResearchProjects/lcdctools/model-checker/experiments/priority-queue/priorityqueue_original/bin/missing --run makeinfo'
MANIFEST_TOOL=':'
MKDIR_P='/bin/mkdir -p'
NM='/usr/bin/nm -B'
NMEDIT=''
OBJDUMP='objdump'
OBJEXT='o'
OTOOL64=''
OTOOL=''
PACKAGE='next'
PACKAGE_BUGREPORT='de-li.zhang@knights.ucf.edu'
PACKAGE_NAME='next'
PACKAGE_STRING='next 1.0'
PACKAGE_TARNAME='next'
PACKAGE_URL=''
PACKAGE_VERSION='1.0'
PATH_SEPARATOR=':'
RANLIB='ranlib'
SED='/bin/sed'
SET_MAKE=''
SHELL='/bin/bash'
STRIP='strip'
VERSION='1.0'
WARN_FLAGS='-Wall'
ac_ct_AR='ar'
ac_ct_CC='gcc'
ac_ct_CXX='g++'
ac_ct_DUMPBIN=''
am__EXEEXT_FALSE=''
am__EXEEXT_TRUE=''
am__fastdepCC_FALSE='#'
am__fastdepCC_TRUE=''
am__fastdepCXX_FALSE='#'
am__fastdepCXX_TRUE=''
am__include='include'
am__isrc=''
am__leading_dot='.'
am__nodep='_no'
am__quote=''
am__tar='$${TAR-tar} chof - "$$tardir"'
am__untar='$${TAR-tar} xf -'
bindir='${exec_prefix}/bin'
build='x86_64-unknown-linux-gnu'
build_alias=''
build_cpu='x86_64'
build_os='linux-gnu'
build_vendor='unknown'
datadir='${datarootdir}'
datarootdir='${prefix}/share'
docdir='${datarootdir}/doc/${PACKAGE_TARNAME}'
dvidir='${docdir}'
exec_prefix='NONE'
host='x86_64-unknown-linux-gnu'
host_alias=''
host_cpu='x86_64'
host_os='linux-gnu'
host_vendor='unknown'
htmldir='${docdir}'
includedir='${prefix}/include'
infodir='${datarootdir}/info'
install_sh='${SHELL} /home/christina/Documents/ResearchProjects/lcdctools/model-checker/experiments/priority-queue/priorityqueue_original/bin/install-sh'
libdir='${exec_prefix}/lib'
libexecdir='${exec_prefix}/libexec'
localedir='${datarootdir}/locale'
localstatedir='${prefix}/var'
mandir='${datarootdir}/man'
mkdir_p='/bin/mkdir -p'
oldincludedir='/usr/include'
pdfdir='${docdir}'
prefix='NONE'
program_transform_name='s,x,x,'
psdir='${docdir}'
sbindir='${exec_prefix}/sbin'
sharedstatedir='${prefix}/com'
sysconfdir='${prefix}/etc'
target_alias=''

## ----------- ##
## confdefs.h. ##
## ----------- ##

/* confdefs.h */
#define PACKAGE_NAME "next"
#define PACKAGE_TARNAME "next"
#define PACKAGE_VERSION "1.0"
#define PACKAGE_STRING "next 1.0"
#define PACKAGE_BUGREPORT "de-li.zhang@knights.ucf.edu"
#define PACKAGE_URL ""
#define PACKAGE "next"
#define VERSION "1.0"
#define ENABLE_STATIC_ASSERT /**/
#define STDC_HEADERS 1
#define HAVE_SYS_TYPES_H 1
#define HAVE_SYS_STAT_H 1
#define HAVE_STDLIB_H 1
#define HAVE_STRING_H 1
#define HAVE_MEMORY_H 1
#define HAVE_STRINGS_H 1
#define HAVE_INTTYPES_H 1
#define HAVE_STDINT_H 1
#define HAVE_UNISTD_H 1
#define HAVE_DLFCN_H 1
#define LT_OBJDIR ".libs/"
#define HAVE_LIBPTHREAD 1
#define HAVE_BOOST /**/

configure: exit 1
